Flow report for NiosIITop
Wed Feb 26 11:16:02 2020
Quartus Prime Version 18.1.0 Build 625 09/12/2018 SJ Lite Edition


---------------------
; Table of Contents ;
---------------------
  1. Legal Notice
  2. Flow Summary
  3. Flow Settings
  4. Flow Non-Default Global Settings
  5. Flow Elapsed Time
  6. Flow OS Summary
  7. Flow Log
  8. Flow Messages
  9. Flow Suppressed Messages



----------------
; Legal Notice ;
----------------
Copyright (C) 2018  Intel Corporation. All rights reserved.
Your use of Intel Corporation's design tools, logic functions 
and other software and tools, and its AMPP partner logic 
functions, and any output files from any of the foregoing 
(including device programming or simulation files), and any 
associated documentation or information are expressly subject 
to the terms and conditions of the Intel Program License 
Subscription Agreement, the Intel Quartus Prime License Agreement,
the Intel FPGA IP License Agreement, or other applicable license
agreement, including, without limitation, that your use is for
the sole purpose of programming logic devices manufactured by
Intel and sold by Intel or its authorized distributors.  Please
refer to the applicable agreement for further details.



+----------------------------------------------------------------------------------+
; Flow Summary                                                                     ;
+------------------------------------+---------------------------------------------+
; Flow Status                        ; Successful - Wed Feb 26 11:15:53 2020       ;
; Quartus Prime Version              ; 18.1.0 Build 625 09/12/2018 SJ Lite Edition ;
; Revision Name                      ; NiosIITop                                   ;
; Top-level Entity Name              ; NiosIITop                                   ;
; Family                             ; Cyclone 10 LP                               ;
; Device                             ; 10CL055YU484C8G                             ;
; Timing Models                      ; Final                                       ;
; Total logic elements               ; 12,034 / 55,856 ( 22 % )                    ;
;     Total combinational functions  ; 9,763 / 55,856 ( 17 % )                     ;
;     Dedicated logic registers      ; 8,289 / 55,856 ( 15 % )                     ;
; Total registers                    ; 8357                                        ;
; Total pins                         ; 69 / 322 ( 21 % )                           ;
; Total virtual pins                 ; 0                                           ;
; Total memory bits                  ; 1,049,466 / 2,396,160 ( 44 % )              ;
; Embedded Multiplier 9-bit elements ; 6 / 312 ( 2 % )                             ;
; Total PLLs                         ; 1 / 4 ( 25 % )                              ;
+------------------------------------+---------------------------------------------+


+-----------------------------------------+
; Flow Settings                           ;
+-------------------+---------------------+
; Option            ; Setting             ;
+-------------------+---------------------+
; Start date & time ; 02/26/2020 11:12:01 ;
; Main task         ; Compilation         ;
; Revision Name     ; NiosIITop           ;
+-------------------+---------------------+


+-----------------------------------------------------------------------------------------------------------------------------+
; Flow Non-Default Global Settings                                                                                            ;
+-----------------------------------------+----------------------------------------+---------------+-------------+------------+
; Assignment Name                         ; Value                                  ; Default Value ; Entity Name ; Section Id ;
+-----------------------------------------+----------------------------------------+---------------+-------------+------------+
; COMPILER_SIGNATURE_ID                   ; 10995770589193.158271192114132         ; --            ; --          ; --         ;
; ENABLE_SIGNALTAP                        ; Off                                    ; --            ; --          ; --         ;
; MAX_CORE_JUNCTION_TEMP                  ; 85                                     ; --            ; --          ; --         ;
; MIN_CORE_JUNCTION_TEMP                  ; 0                                      ; --            ; --          ; --         ;
; NOMINAL_CORE_SUPPLY_VOLTAGE             ; 1.2V                                   ; --            ; --          ; --         ;
; NUM_PARALLEL_PROCESSORS                 ; All                                    ; --            ; --          ; --         ;
; PARTITION_COLOR                         ; -- (Not supported for targeted family) ; --            ; --          ; Top        ;
; PARTITION_FITTER_PRESERVATION_LEVEL     ; -- (Not supported for targeted family) ; --            ; --          ; Top        ;
; PARTITION_NETLIST_TYPE                  ; -- (Not supported for targeted family) ; --            ; --          ; Top        ;
; PHYSICAL_SYNTHESIS_EFFORT               ; Fast                                   ; Normal        ; --          ; --         ;
; PHYSICAL_SYNTHESIS_REGISTER_DUPLICATION ; On                                     ; Off           ; --          ; --         ;
; PHYSICAL_SYNTHESIS_REGISTER_RETIMING    ; On                                     ; Off           ; --          ; --         ;
; POWER_BOARD_THERMAL_MODEL               ; None (CONSERVATIVE)                    ; --            ; --          ; --         ;
; POWER_PRESET_COOLING_SOLUTION           ; 23 MM HEAT SINK WITH 200 LFPM AIRFLOW  ; --            ; --          ; --         ;
; PROJECT_OUTPUT_DIRECTORY                ; output_files                           ; --            ; --          ; --         ;
; USE_SIGNALTAP_FILE                      ; output_files/stp1.stp                  ; --            ; --          ; --         ;
+-----------------------------------------+----------------------------------------+---------------+-------------+------------+


+--------------------------------------------------------------------------------------------------------------------------+
; Flow Elapsed Time                                                                                                        ;
+----------------------+--------------+-------------------------+---------------------+------------------------------------+
; Module Name          ; Elapsed Time ; Average Processors Used ; Peak Virtual Memory ; Total CPU Time (on all processors) ;
+----------------------+--------------+-------------------------+---------------------+------------------------------------+
; Analysis & Synthesis ; 00:02:40     ; 1.0                     ; 5238 MB             ; 00:03:08                           ;
; Fitter               ; 00:00:50     ; 1.5                     ; 6013 MB             ; 00:01:35                           ;
; Assembler            ; 00:00:04     ; 1.0                     ; 4744 MB             ; 00:00:04                           ;
; Timing Analyzer      ; 00:00:08     ; 1.7                     ; 5033 MB             ; 00:00:13                           ;
; Total                ; 00:03:42     ; --                      ; --                  ; 00:05:00                           ;
+----------------------+--------------+-------------------------+---------------------+------------------------------------+


+------------------------------------------------------------------------------------+
; Flow OS Summary                                                                    ;
+----------------------+------------------+------------+------------+----------------+
; Module Name          ; Machine Hostname ; OS Name    ; OS Version ; Processor type ;
+----------------------+------------------+------------+------------+----------------+
; Analysis & Synthesis ; DESKTOP-3IHKOKB  ; Windows 10 ; 10.0       ; x86_64         ;
; Fitter               ; DESKTOP-3IHKOKB  ; Windows 10 ; 10.0       ; x86_64         ;
; Assembler            ; DESKTOP-3IHKOKB  ; Windows 10 ; 10.0       ; x86_64         ;
; Timing Analyzer      ; DESKTOP-3IHKOKB  ; Windows 10 ; 10.0       ; x86_64         ;
+----------------------+------------------+------------+------------+----------------+


------------
; Flow Log ;
------------
quartus_map --read_settings_files=on --write_settings_files=off NiosIITop -c NiosIITop
quartus_fit --read_settings_files=off --write_settings_files=off NiosIITop -c NiosIITop
quartus_asm --read_settings_files=off --write_settings_files=off NiosIITop -c NiosIITop
quartus_sta NiosIITop -c NiosIITop



