15:22:40 **** Build of project OpcServer_bsp ****
make -k all 
"Running Make include in microblaze_0/libsrc/bram_v4_3/src"
make -C microblaze_0/libsrc/bram_v4_3/src -s include  "SHELL=CMD" "COMPILER=mb-gcc" "ARCHIVER=mb-ar" "COMPILER_FLAGS=  -O2 -c -mcpu=v11.0 -mlittle-endian -mxl-soft-mul" "EXTRA_COMPILER_FLAGS=-ffunction-sections -fdata-sections -Wall -Wextra"
"Running Make include in microblaze_0/libsrc/cpu_v2_9/src"
make -C microblaze_0/libsrc/cpu_v2_9/src -s include  "SHELL=CMD" "COMPILER=mb-gcc" "ARCHIVER=mb-ar" "COMPILER_FLAGS=  -O2 -c -mcpu=v11.0 -mlittle-endian -mxl-soft-mul" "EXTRA_COMPILER_FLAGS=-ffunction-sections -fdata-sections -Wall -Wextra"
"Running Make include in microblaze_0/libsrc/emaclite_v4_4/src"
make -C microblaze_0/libsrc/emaclite_v4_4/src -s include  "SHELL=CMD" "COMPILER=mb-gcc" "ARCHIVER=mb-ar" "COMPILER_FLAGS=  -O2 -c -mcpu=v11.0 -mlittle-endian -mxl-soft-mul" "EXTRA_COMPILER_FLAGS=-ffunction-sections -fdata-sections -Wall -Wextra"
"Running Make include in microblaze_0/libsrc/freertos10_xilinx_v1_3/src"
make -C microblaze_0/libsrc/freertos10_xilinx_v1_3/src -s include  "SHELL=CMD" "COMPILER=mb-gcc" "ARCHIVER=mb-ar" "COMPILER_FLAGS=  -O2 -c -mcpu=v11.0 -mlittle-endian -mxl-soft-mul" "EXTRA_COMPILER_FLAGS=-ffunction-sections -fdata-sections -Wall -Wextra"
"include"
"Running Make include in microblaze_0/libsrc/gpio_v4_4/src"
make -C microblaze_0/libsrc/gpio_v4_4/src -s include  "SHELL=CMD" "COMPILER=mb-gcc" "ARCHIVER=mb-ar" "COMPILER_FLAGS=  -O2 -c -mcpu=v11.0 -mlittle-endian -mxl-soft-mul" "EXTRA_COMPILER_FLAGS=-ffunction-sections -fdata-sections -Wall -Wextra"
"Running Make include in microblaze_0/libsrc/intc_v3_9/src"
make -C microblaze_0/libsrc/intc_v3_9/src -s include  "SHELL=CMD" "COMPILER=mb-gcc" "ARCHIVER=mb-ar" "COMPILER_FLAGS=  -O2 -c -mcpu=v11.0 -mlittle-endian -mxl-soft-mul" "EXTRA_COMPILER_FLAGS=-ffunction-sections -fdata-sections -Wall -Wextra"
"Running Make include in microblaze_0/libsrc/lwip211_v1_0/src"
make -C microblaze_0/libsrc/lwip211_v1_0/src -s include  "SHELL=CMD" "COMPILER=mb-gcc" "ARCHIVER=mb-ar" "COMPILER_FLAGS=  -O2 -c -mcpu=v11.0 -mlittle-endian -mxl-soft-mul" "EXTRA_COMPILER_FLAGS=-ffunction-sections -fdata-sections -Wall -Wextra"
"Running Make include in microblaze_0/libsrc/sysmon_v7_5/src"
make -C microblaze_0/libsrc/sysmon_v7_5/src -s include  "SHELL=CMD" "COMPILER=mb-gcc" "ARCHIVER=mb-ar" "COMPILER_FLAGS=  -O2 -c -mcpu=v11.0 -mlittle-endian -mxl-soft-mul" "EXTRA_COMPILER_FLAGS=-ffunction-sections -fdata-sections -Wall -Wextra"
"Running Make include in microblaze_0/libsrc/tmrctr_v4_5/src"
make -C microblaze_0/libsrc/tmrctr_v4_5/src -s include  "SHELL=CMD" "COMPILER=mb-gcc" "ARCHIVER=mb-ar" "COMPILER_FLAGS=  -O2 -c -mcpu=v11.0 -mlittle-endian -mxl-soft-mul" "EXTRA_COMPILER_FLAGS=-ffunction-sections -fdata-sections -Wall -Wextra"
"Running Make include in microblaze_0/libsrc/uartlite_v3_2/src"
make -C microblaze_0/libsrc/uartlite_v3_2/src -s include  "SHELL=CMD" "COMPILER=mb-gcc" "ARCHIVER=mb-ar" "COMPILER_FLAGS=  -O2 -c -mcpu=v11.0 -mlittle-endian -mxl-soft-mul" "EXTRA_COMPILER_FLAGS=-ffunction-sections -fdata-sections -Wall -Wextra"
"Running Make libs in microblaze_0/libsrc/bram_v4_3/src"
make -C microblaze_0/libsrc/bram_v4_3/src -s libs  "SHELL=CMD" "COMPILER=mb-gcc" "ARCHIVER=mb-ar" "COMPILER_FLAGS=  -O2 -c -mcpu=v11.0 -mlittle-endian -mxl-soft-mul" "EXTRA_COMPILER_FLAGS=-ffunction-sections -fdata-sections -Wall -Wextra"
"Compiling bram"
mb-ar: creating ../../../lib/libxil.a
"Running Make libs in microblaze_0/libsrc/cpu_v2_9/src"
make -C microblaze_0/libsrc/cpu_v2_9/src -s libs  "SHELL=CMD" "COMPILER=mb-gcc" "ARCHIVER=mb-ar" "COMPILER_FLAGS=  -O2 -c -mcpu=v11.0 -mlittle-endian -mxl-soft-mul" "EXTRA_COMPILER_FLAGS=-ffunction-sections -fdata-sections -Wall -Wextra"
"Compiling cpu"
"Running Make libs in microblaze_0/libsrc/emaclite_v4_4/src"
make -C microblaze_0/libsrc/emaclite_v4_4/src -s libs  "SHELL=CMD" "COMPILER=mb-gcc" "ARCHIVER=mb-ar" "COMPILER_FLAGS=  -O2 -c -mcpu=v11.0 -mlittle-endian -mxl-soft-mul" "EXTRA_COMPILER_FLAGS=-ffunction-sections -fdata-sections -Wall -Wextra"
"Compiling emaclite"
"Running Make libs in microblaze_0/libsrc/freertos10_xilinx_v1_3/src"
make -C microblaze_0/libsrc/freertos10_xilinx_v1_3/src -s libs  "SHELL=CMD" "COMPILER=mb-gcc" "ARCHIVER=mb-ar" "COMPILER_FLAGS=  -O2 -c -mcpu=v11.0 -mlittle-endian -mxl-soft-mul" "EXTRA_COMPILER_FLAGS=-ffunction-sections -fdata-sections -Wall -Wextra"
"Compiling standalone";
microblaze_sleep.c:77:9: note: #pragma message: For the sleep routines, assembly instructions are used
 #pragma message ("For the sleep routines, assembly instructions are used")
         ^~~~~~~
"Compiling FreeRTOS"
"Running Make libs in microblaze_0/libsrc/gpio_v4_4/src"
make -C microblaze_0/libsrc/gpio_v4_4/src -s libs  "SHELL=CMD" "COMPILER=mb-gcc" "ARCHIVER=mb-ar" "COMPILER_FLAGS=  -O2 -c -mcpu=v11.0 -mlittle-endian -mxl-soft-mul" "EXTRA_COMPILER_FLAGS=-ffunction-sections -fdata-sections -Wall -Wextra"
"Compiling gpio"
"Running Make libs in microblaze_0/libsrc/intc_v3_9/src"
make -C microblaze_0/libsrc/intc_v3_9/src -s libs  "SHELL=CMD" "COMPILER=mb-gcc" "ARCHIVER=mb-ar" "COMPILER_FLAGS=  -O2 -c -mcpu=v11.0 -mlittle-endian -mxl-soft-mul" "EXTRA_COMPILER_FLAGS=-ffunction-sections -fdata-sections -Wall -Wextra"
"Compiling intc"
"Running Make libs in microblaze_0/libsrc/lwip211_v1_0/src"
make -C microblaze_0/libsrc/lwip211_v1_0/src -s libs  "SHELL=CMD" "COMPILER=mb-gcc" "ARCHIVER=mb-ar" "COMPILER_FLAGS=  -O2 -c -mcpu=v11.0 -mlittle-endian -mxl-soft-mul" "EXTRA_COMPILER_FLAGS=-ffunction-sections -fdata-sections -Wall -Wextra"
"Compiling lwip src and adapter files"
contrib/ports/xilinx/netif/xadapter.c: In function 'eth_link_detect':
contrib/ports/xilinx/netif/xadapter.c:364:8: warning: unused variable 'link_speed' [-Wunused-variable]
  u32_t link_speed, phy_link_status;
        ^~~~~~~~~~
contrib/ports/xilinx/netif/xemacliteif.c: In function 'arp_timer':
contrib/ports/xilinx/netif/xemacliteif.c:476:17: warning: unused parameter 'arg' [-Wunused-parameter]
 arp_timer(void *arg)
           ~~~~~~^~~
"Running Make libs in microblaze_0/libsrc/sysmon_v7_5/src"
make -C microblaze_0/libsrc/sysmon_v7_5/src -s libs  "SHELL=CMD" "COMPILER=mb-gcc" "ARCHIVER=mb-ar" "COMPILER_FLAGS=  -O2 -c -mcpu=v11.0 -mlittle-endian -mxl-soft-mul" "EXTRA_COMPILER_FLAGS=-ffunction-sections -fdata-sections -Wall -Wextra"
"Compiling sysmon"
"Running Make libs in microblaze_0/libsrc/tmrctr_v4_5/src"
make -C microblaze_0/libsrc/tmrctr_v4_5/src -s libs  "SHELL=CMD" "COMPILER=mb-gcc" "ARCHIVER=mb-ar" "COMPILER_FLAGS=  -O2 -c -mcpu=v11.0 -mlittle-endian -mxl-soft-mul" "EXTRA_COMPILER_FLAGS=-ffunction-sections -fdata-sections -Wall -Wextra"
"Compiling tmrctr"
"Running Make libs in microblaze_0/libsrc/uartlite_v3_2/src"
make -C microblaze_0/libsrc/uartlite_v3_2/src -s libs  "SHELL=CMD" "COMPILER=mb-gcc" "ARCHIVER=mb-ar" "COMPILER_FLAGS=  -O2 -c -mcpu=v11.0 -mlittle-endian -mxl-soft-mul" "EXTRA_COMPILER_FLAGS=-ffunction-sections -fdata-sections -Wall -Wextra"
"Compiling uartlite"
'Finished building libraries'

15:22:56 Build Finished (took 16s.531ms)

